<?xml version="1.0" encoding="UTF-8"?>
<coverage generated="1712051794283" clover="3.2.0">
  <project timestamp="1712051794284" name="All files">
    <metrics statements="103" coveredstatements="7" conditionals="25" coveredconditionals="0" methods="40" coveredmethods="1" elements="168" coveredelements="8" complexity="0" loc="103" ncloc="103" packages="4" files="17" classes="17"/>
    <package name="src">
      <metrics statements="21" coveredstatements="2" conditionals="0" coveredconditionals="0" methods="6" coveredmethods="0"/>
      <file name="App.jsx" path="C:\Users\Erik-PC\Desktop\DV301_ErikConradie_UnitTesting\budgetbuddy\src\App.jsx">
        <metrics statements="18" coveredstatements="0" conditionals="0" coveredconditionals="0" methods="6" coveredmethods="0"/>
        <line num="21" count="0" type="stmt"/>
        <line num="22" count="0" type="stmt"/>
        <line num="23" count="0" type="stmt"/>
        <line num="25" count="0" type="stmt"/>
        <line num="26" count="0" type="stmt"/>
        <line num="29" count="0" type="stmt"/>
        <line num="30" count="0" type="stmt"/>
        <line num="33" count="0" type="stmt"/>
        <line num="34" count="0" type="stmt"/>
        <line num="37" count="0" type="stmt"/>
        <line num="38" count="0" type="stmt"/>
        <line num="39" count="0" type="stmt"/>
        <line num="40" count="0" type="stmt"/>
        <line num="41" count="0" type="stmt"/>
        <line num="44" count="0" type="stmt"/>
        <line num="71" count="0" type="stmt"/>
        <line num="78" count="0" type="stmt"/>
        <line num="111" count="0" type="stmt"/>
      </file>
      <file name="main.jsx" path="C:\Users\Erik-PC\Desktop\DV301_ErikConradie_UnitTesting\budgetbuddy\src\main.jsx">
        <metrics statements="1" coveredstatements="0" conditionals="0" coveredconditionals="0" methods="0" coveredmethods="0"/>
        <line num="7" count="0" type="stmt"/>
      </file>
      <file name="utils.js" path="C:\Users\Erik-PC\Desktop\DV301_ErikConradie_UnitTesting\budgetbuddy\src\utils.js">
        <metrics statements="2" coveredstatements="2" conditionals="0" coveredconditionals="0" methods="0" coveredmethods="0"/>
        <line num="1" count="1" type="stmt"/>
        <line num="3" count="1" type="stmt"/>
      </file>
    </package>
    <package name="src.components">
      <metrics statements="38" coveredstatements="1" conditionals="12" coveredconditionals="0" methods="14" coveredmethods="1"/>
      <file name="Expenses.jsx" path="C:\Users\Erik-PC\Desktop\DV301_ErikConradie_UnitTesting\budgetbuddy\src\components\Expenses.jsx">
        <metrics statements="10" coveredstatements="0" conditionals="0" coveredconditionals="0" methods="3" coveredmethods="0"/>
        <line num="7" count="0" type="stmt"/>
        <line num="9" count="0" type="stmt"/>
        <line num="10" count="0" type="stmt"/>
        <line num="11" count="0" type="stmt"/>
        <line num="12" count="0" type="stmt"/>
        <line num="13" count="0" type="stmt"/>
        <line num="14" count="0" type="stmt"/>
        <line num="15" count="0" type="stmt"/>
        <line num="18" count="0" type="stmt"/>
        <line num="47" count="0" type="stmt"/>
      </file>
      <file name="Income.jsx" path="C:\Users\Erik-PC\Desktop\DV301_ErikConradie_UnitTesting\budgetbuddy\src\components\Income.jsx">
        <metrics statements="16" coveredstatements="1" conditionals="6" coveredconditionals="0" methods="4" coveredmethods="1"/>
        <line num="11" count="4" type="stmt"/>
        <line num="13" count="0" type="stmt"/>
        <line num="14" count="0" type="stmt"/>
        <line num="16" count="0" type="stmt"/>
        <line num="17" count="0" type="stmt"/>
        <line num="18" count="0" type="stmt"/>
        <line num="19" count="0" type="stmt"/>
        <line num="20" count="0" type="stmt"/>
        <line num="22" count="0" type="cond" truecount="0" falsecount="4"/>
        <line num="23" count="0" type="stmt"/>
        <line num="24" count="0" type="stmt"/>
        <line num="25" count="0" type="stmt"/>
        <line num="26" count="0" type="stmt"/>
        <line num="30" count="0" type="stmt"/>
        <line num="40" count="0" type="stmt"/>
        <line num="72" count="0" type="stmt"/>
      </file>
      <file name="Savings.jsx" path="C:\Users\Erik-PC\Desktop\DV301_ErikConradie_UnitTesting\budgetbuddy\src\components\Savings.jsx">
        <metrics statements="10" coveredstatements="0" conditionals="4" coveredconditionals="0" methods="5" coveredmethods="0"/>
        <line num="10" count="0" type="stmt"/>
        <line num="12" count="0" type="stmt"/>
        <line num="13" count="0" type="stmt"/>
        <line num="16" count="0" type="stmt"/>
        <line num="18" count="0" type="stmt"/>
        <line num="19" count="0" type="cond" truecount="0" falsecount="2"/>
        <line num="20" count="0" type="stmt"/>
        <line num="24" count="0" type="stmt"/>
        <line num="39" count="0" type="stmt"/>
        <line num="51" count="0" type="stmt"/>
      </file>
      <file name="Taxes.jsx" path="C:\Users\Erik-PC\Desktop\DV301_ErikConradie_UnitTesting\budgetbuddy\src\components\Taxes.jsx">
        <metrics statements="2" coveredstatements="0" conditionals="2" coveredconditionals="0" methods="2" coveredmethods="0"/>
        <line num="5" count="0" type="stmt"/>
        <line num="12" count="0" type="stmt"/>
      </file>
    </package>
    <package name="src.components.functions">
      <metrics statements="32" coveredstatements="4" conditionals="13" coveredconditionals="0" methods="14" coveredmethods="0"/>
      <file name="AddingIncomeExpense.js" path="C:\Users\Erik-PC\Desktop\DV301_ErikConradie_UnitTesting\budgetbuddy\src\components\functions\AddingIncomeExpense.js">
        <metrics statements="4" coveredstatements="2" conditionals="0" coveredconditionals="0" methods="2" coveredmethods="0"/>
        <line num="1" count="1" type="stmt"/>
        <line num="2" count="0" type="stmt"/>
        <line num="5" count="1" type="stmt"/>
        <line num="6" count="0" type="stmt"/>
      </file>
      <file name="SavingsCalculation.js" path="C:\Users\Erik-PC\Desktop\DV301_ErikConradie_UnitTesting\budgetbuddy\src\components\functions\SavingsCalculation.js">
        <metrics statements="3" coveredstatements="0" conditionals="0" coveredconditionals="0" methods="3" coveredmethods="0"/>
        <line num="2" count="0" type="stmt"/>
        <line num="7" count="0" type="stmt"/>
        <line num="9" count="0" type="stmt"/>
      </file>
      <file name="TaxCalculations.js" path="C:\Users\Erik-PC\Desktop\DV301_ErikConradie_UnitTesting\budgetbuddy\src\components\functions\TaxCalculations.js">
        <metrics statements="14" coveredstatements="2" conditionals="10" coveredconditionals="0" methods="2" coveredmethods="0"/>
        <line num="1" count="1" type="stmt"/>
        <line num="2" count="0" type="cond" truecount="0" falsecount="2"/>
        <line num="3" count="0" type="stmt"/>
        <line num="4" count="0" type="cond" truecount="0" falsecount="2"/>
        <line num="5" count="0" type="stmt"/>
        <line num="6" count="0" type="cond" truecount="0" falsecount="2"/>
        <line num="7" count="0" type="stmt"/>
        <line num="8" count="0" type="cond" truecount="0" falsecount="2"/>
        <line num="9" count="0" type="stmt"/>
        <line num="10" count="0" type="cond" truecount="0" falsecount="2"/>
        <line num="11" count="0" type="stmt"/>
        <line num="13" count="0" type="stmt"/>
        <line num="17" count="1" type="stmt"/>
        <line num="18" count="0" type="stmt"/>
      </file>
      <file name="TotalCalculations.js" path="C:\Users\Erik-PC\Desktop\DV301_ErikConradie_UnitTesting\budgetbuddy\src\components\functions\TotalCalculations.js">
        <metrics statements="11" coveredstatements="0" conditionals="3" coveredconditionals="0" methods="7" coveredmethods="0"/>
        <line num="1" count="0" type="cond" truecount="0" falsecount="1"/>
        <line num="2" count="0" type="stmt"/>
        <line num="5" count="0" type="cond" truecount="0" falsecount="1"/>
        <line num="6" count="0" type="stmt"/>
        <line num="9" count="0" type="cond" truecount="0" falsecount="1"/>
        <line num="10" count="0" type="stmt"/>
        <line num="13" count="0" type="stmt"/>
        <line num="14" count="0" type="stmt"/>
        <line num="15" count="0" type="stmt"/>
        <line num="16" count="0" type="stmt"/>
        <line num="17" count="0" type="stmt"/>
      </file>
    </package>
    <package name="src.components.items">
      <metrics statements="12" coveredstatements="0" conditionals="0" coveredconditionals="0" methods="6" coveredmethods="0"/>
      <file name="ExpenseRow.jsx" path="C:\Users\Erik-PC\Desktop\DV301_ErikConradie_UnitTesting\budgetbuddy\src\components\items\ExpenseRow.jsx">
        <metrics statements="2" coveredstatements="0" conditionals="0" coveredconditionals="0" methods="1" coveredmethods="0"/>
        <line num="5" count="0" type="stmt"/>
        <line num="7" count="0" type="stmt"/>
      </file>
      <file name="LastTotalCard.jsx" path="C:\Users\Erik-PC\Desktop\DV301_ErikConradie_UnitTesting\budgetbuddy\src\components\items\LastTotalCard.jsx">
        <metrics statements="2" coveredstatements="0" conditionals="0" coveredconditionals="0" methods="1" coveredmethods="0"/>
        <line num="4" count="0" type="stmt"/>
        <line num="6" count="0" type="stmt"/>
      </file>
      <file name="PersonIncomeRow.jsx" path="C:\Users\Erik-PC\Desktop\DV301_ErikConradie_UnitTesting\budgetbuddy\src\components\items\PersonIncomeRow.jsx">
        <metrics statements="2" coveredstatements="0" conditionals="0" coveredconditionals="0" methods="1" coveredmethods="0"/>
        <line num="5" count="0" type="stmt"/>
        <line num="7" count="0" type="stmt"/>
      </file>
      <file name="SavingsBlock.jsx" path="C:\Users\Erik-PC\Desktop\DV301_ErikConradie_UnitTesting\budgetbuddy\src\components\items\SavingsBlock.jsx">
        <metrics statements="2" coveredstatements="0" conditionals="0" coveredconditionals="0" methods="1" coveredmethods="0"/>
        <line num="4" count="0" type="stmt"/>
        <line num="5" count="0" type="stmt"/>
      </file>
      <file name="TaxBlock.jsx" path="C:\Users\Erik-PC\Desktop\DV301_ErikConradie_UnitTesting\budgetbuddy\src\components\items\TaxBlock.jsx">
        <metrics statements="2" coveredstatements="0" conditionals="0" coveredconditionals="0" methods="1" coveredmethods="0"/>
        <line num="4" count="0" type="stmt"/>
        <line num="6" count="0" type="stmt"/>
      </file>
      <file name="TotalCard.jsx" path="C:\Users\Erik-PC\Desktop\DV301_ErikConradie_UnitTesting\budgetbuddy\src\components\items\TotalCard.jsx">
        <metrics statements="2" coveredstatements="0" conditionals="0" coveredconditionals="0" methods="1" coveredmethods="0"/>
        <line num="4" count="0" type="stmt"/>
        <line num="6" count="0" type="stmt"/>
      </file>
    </package>
  </project>
</coverage>
