<?xml version="1.0" encoding="UTF-8"?>
<coverage generated="1712257553951" clover="3.2.0">
  <project timestamp="1712257553951" name="All files">
    <metrics statements="117" coveredstatements="111" conditionals="27" coveredconditionals="24" methods="46" coveredmethods="41" elements="190" coveredelements="176" complexity="0" loc="117" ncloc="117" packages="4" files="17" classes="17"/>
    <package name="src">
      <metrics statements="23" coveredstatements="19" conditionals="0" coveredconditionals="0" methods="7" coveredmethods="4"/>
      <file name="App.jsx" path="C:\Users\Erik-PC\Desktop\DV301_ErikConradie_UnitTesting\budgetbuddy\src\App.jsx">
        <metrics statements="20" coveredstatements="17" conditionals="0" coveredconditionals="0" methods="7" coveredmethods="4"/>
        <line num="25" count="1" type="stmt"/>
        <line num="26" count="1" type="stmt"/>
        <line num="27" count="1" type="stmt"/>
        <line num="29" count="1" type="stmt"/>
        <line num="30" count="0" type="stmt"/>
        <line num="33" count="1" type="stmt"/>
        <line num="34" count="0" type="stmt"/>
        <line num="37" count="1" type="stmt"/>
        <line num="38" count="1" type="stmt"/>
        <line num="41" count="1" type="stmt"/>
        <line num="42" count="0" type="stmt"/>
        <line num="45" count="1" type="stmt"/>
        <line num="46" count="1" type="stmt"/>
        <line num="47" count="1" type="stmt"/>
        <line num="48" count="1" type="stmt"/>
        <line num="49" count="1" type="stmt"/>
        <line num="52" count="1" type="stmt"/>
        <line num="79" count="1" type="stmt"/>
        <line num="86" count="1" type="stmt"/>
        <line num="119" count="4" type="stmt"/>
      </file>
      <file name="main.jsx" path="C:\Users\Erik-PC\Desktop\DV301_ErikConradie_UnitTesting\budgetbuddy\src\main.jsx">
        <metrics statements="1" coveredstatements="0" conditionals="0" coveredconditionals="0" methods="0" coveredmethods="0"/>
        <line num="7" count="0" type="stmt"/>
      </file>
      <file name="utils.js" path="C:\Users\Erik-PC\Desktop\DV301_ErikConradie_UnitTesting\budgetbuddy\src\utils.js">
        <metrics statements="2" coveredstatements="2" conditionals="0" coveredconditionals="0" methods="0" coveredmethods="0"/>
        <line num="1" count="3" type="stmt"/>
        <line num="3" count="3" type="stmt"/>
      </file>
    </package>
    <package name="src.components">
      <metrics statements="50" coveredstatements="48" conditionals="14" coveredconditionals="11" methods="19" coveredmethods="17"/>
      <file name="Expenses.jsx" path="C:\Users\Erik-PC\Desktop\DV301_ErikConradie_UnitTesting\budgetbuddy\src\components\Expenses.jsx">
        <metrics statements="16" coveredstatements="16" conditionals="4" coveredconditionals="3" methods="5" coveredmethods="5"/>
        <line num="6" count="12" type="stmt"/>
        <line num="8" count="12" type="stmt"/>
        <line num="9" count="12" type="stmt"/>
        <line num="11" count="12" type="stmt"/>
        <line num="12" count="1" type="stmt"/>
        <line num="13" count="1" type="stmt"/>
        <line num="14" count="1" type="cond" truecount="3" falsecount="1"/>
        <line num="15" count="1" type="stmt"/>
        <line num="16" count="1" type="stmt"/>
        <line num="17" count="1" type="stmt"/>
        <line num="19" count="1" type="stmt"/>
        <line num="20" count="1" type="stmt"/>
        <line num="24" count="12" type="stmt"/>
        <line num="36" count="4" type="stmt"/>
        <line num="46" count="4" type="stmt"/>
        <line num="56" count="1" type="stmt"/>
      </file>
      <file name="Income.jsx" path="C:\Users\Erik-PC\Desktop\DV301_ErikConradie_UnitTesting\budgetbuddy\src\components\Income.jsx">
        <metrics statements="22" coveredstatements="22" conditionals="4" coveredconditionals="3" methods="7" coveredmethods="7"/>
        <line num="11" count="13" type="stmt"/>
        <line num="12" count="13" type="stmt"/>
        <line num="13" count="13" type="stmt"/>
        <line num="14" count="13" type="stmt"/>
        <line num="16" count="13" type="stmt"/>
        <line num="17" count="1" type="stmt"/>
        <line num="19" count="1" type="stmt"/>
        <line num="20" count="1" type="stmt"/>
        <line num="21" count="1" type="stmt"/>
        <line num="23" count="1" type="cond" truecount="3" falsecount="1"/>
        <line num="24" count="1" type="stmt"/>
        <line num="25" count="1" type="stmt"/>
        <line num="26" count="1" type="stmt"/>
        <line num="29" count="1" type="stmt"/>
        <line num="30" count="1" type="stmt"/>
        <line num="31" count="1" type="stmt"/>
        <line num="35" count="13" type="stmt"/>
        <line num="40" count="1" type="stmt"/>
        <line num="43" count="117" type="stmt"/>
        <line num="52" count="4" type="stmt"/>
        <line num="62" count="4" type="stmt"/>
        <line num="72" count="1" type="stmt"/>
      </file>
      <file name="Savings.jsx" path="C:\Users\Erik-PC\Desktop\DV301_ErikConradie_UnitTesting\budgetbuddy\src\components\Savings.jsx">
        <metrics statements="10" coveredstatements="8" conditionals="4" coveredconditionals="3" methods="5" coveredmethods="3"/>
        <line num="10" count="1" type="stmt"/>
        <line num="12" count="1" type="stmt"/>
        <line num="13" count="0" type="stmt"/>
        <line num="16" count="1" type="stmt"/>
        <line num="18" count="1" type="stmt"/>
        <line num="19" count="1" type="cond" truecount="1" falsecount="1"/>
        <line num="20" count="1" type="stmt"/>
        <line num="24" count="1" type="stmt"/>
        <line num="40" count="4" type="stmt"/>
        <line num="52" count="0" type="stmt"/>
      </file>
      <file name="Taxes.jsx" path="C:\Users\Erik-PC\Desktop\DV301_ErikConradie_UnitTesting\budgetbuddy\src\components\Taxes.jsx">
        <metrics statements="2" coveredstatements="2" conditionals="2" coveredconditionals="2" methods="2" coveredmethods="2"/>
        <line num="5" count="2" type="stmt"/>
        <line num="12" count="2" type="stmt"/>
      </file>
    </package>
    <package name="src.components.functions">
      <metrics statements="32" coveredstatements="32" conditionals="13" coveredconditionals="13" methods="14" coveredmethods="14"/>
      <file name="AddingIncomeExpense.js" path="C:\Users\Erik-PC\Desktop\DV301_ErikConradie_UnitTesting\budgetbuddy\src\components\functions\AddingIncomeExpense.js">
        <metrics statements="4" coveredstatements="4" conditionals="0" coveredconditionals="0" methods="2" coveredmethods="2"/>
        <line num="1" count="3" type="stmt"/>
        <line num="2" count="2" type="stmt"/>
        <line num="5" count="3" type="stmt"/>
        <line num="6" count="2" type="stmt"/>
      </file>
      <file name="SavingsCalculation.js" path="C:\Users\Erik-PC\Desktop\DV301_ErikConradie_UnitTesting\budgetbuddy\src\components\functions\SavingsCalculation.js">
        <metrics statements="3" coveredstatements="3" conditionals="0" coveredconditionals="0" methods="3" coveredmethods="3"/>
        <line num="2" count="6" type="stmt"/>
        <line num="7" count="6" type="stmt"/>
        <line num="9" count="4" type="stmt"/>
      </file>
      <file name="TaxCalculations.js" path="C:\Users\Erik-PC\Desktop\DV301_ErikConradie_UnitTesting\budgetbuddy\src\components\functions\TaxCalculations.js">
        <metrics statements="14" coveredstatements="14" conditionals="10" coveredconditionals="10" methods="2" coveredmethods="2"/>
        <line num="1" count="3" type="stmt"/>
        <line num="2" count="7" type="cond" truecount="2" falsecount="0"/>
        <line num="3" count="2" type="stmt"/>
        <line num="4" count="5" type="cond" truecount="2" falsecount="0"/>
        <line num="5" count="1" type="stmt"/>
        <line num="6" count="4" type="cond" truecount="2" falsecount="0"/>
        <line num="7" count="1" type="stmt"/>
        <line num="8" count="3" type="cond" truecount="2" falsecount="0"/>
        <line num="9" count="1" type="stmt"/>
        <line num="10" count="2" type="cond" truecount="2" falsecount="0"/>
        <line num="11" count="1" type="stmt"/>
        <line num="13" count="1" type="stmt"/>
        <line num="17" count="3" type="stmt"/>
        <line num="18" count="7" type="stmt"/>
      </file>
      <file name="TotalCalculations.js" path="C:\Users\Erik-PC\Desktop\DV301_ErikConradie_UnitTesting\budgetbuddy\src\components\functions\TotalCalculations.js">
        <metrics statements="11" coveredstatements="11" conditionals="3" coveredconditionals="3" methods="7" coveredmethods="7"/>
        <line num="1" count="2" type="cond" truecount="1" falsecount="0"/>
        <line num="2" count="4" type="stmt"/>
        <line num="5" count="2" type="cond" truecount="1" falsecount="0"/>
        <line num="6" count="7" type="stmt"/>
        <line num="9" count="2" type="cond" truecount="1" falsecount="0"/>
        <line num="10" count="7" type="stmt"/>
        <line num="13" count="2" type="stmt"/>
        <line num="14" count="3" type="stmt"/>
        <line num="15" count="3" type="stmt"/>
        <line num="16" count="3" type="stmt"/>
        <line num="17" count="3" type="stmt"/>
      </file>
    </package>
    <package name="src.components.items">
      <metrics statements="12" coveredstatements="12" conditionals="0" coveredconditionals="0" methods="6" coveredmethods="6"/>
      <file name="ExpenseRow.jsx" path="C:\Users\Erik-PC\Desktop\DV301_ErikConradie_UnitTesting\budgetbuddy\src\components\items\ExpenseRow.jsx">
        <metrics statements="2" coveredstatements="2" conditionals="0" coveredconditionals="0" methods="1" coveredmethods="1"/>
        <line num="5" count="3" type="stmt"/>
        <line num="7" count="3" type="stmt"/>
      </file>
      <file name="LastTotalCard.jsx" path="C:\Users\Erik-PC\Desktop\DV301_ErikConradie_UnitTesting\budgetbuddy\src\components\items\LastTotalCard.jsx">
        <metrics statements="2" coveredstatements="2" conditionals="0" coveredconditionals="0" methods="1" coveredmethods="1"/>
        <line num="4" count="1" type="stmt"/>
        <line num="6" count="1" type="stmt"/>
      </file>
      <file name="PersonIncomeRow.jsx" path="C:\Users\Erik-PC\Desktop\DV301_ErikConradie_UnitTesting\budgetbuddy\src\components\items\PersonIncomeRow.jsx">
        <metrics statements="2" coveredstatements="2" conditionals="0" coveredconditionals="0" methods="1" coveredmethods="1"/>
        <line num="5" count="3" type="stmt"/>
        <line num="7" count="3" type="stmt"/>
      </file>
      <file name="SavingsBlock.jsx" path="C:\Users\Erik-PC\Desktop\DV301_ErikConradie_UnitTesting\budgetbuddy\src\components\items\SavingsBlock.jsx">
        <metrics statements="2" coveredstatements="2" conditionals="0" coveredconditionals="0" methods="1" coveredmethods="1"/>
        <line num="4" count="3" type="stmt"/>
        <line num="5" count="3" type="stmt"/>
      </file>
      <file name="TaxBlock.jsx" path="C:\Users\Erik-PC\Desktop\DV301_ErikConradie_UnitTesting\budgetbuddy\src\components\items\TaxBlock.jsx">
        <metrics statements="2" coveredstatements="2" conditionals="0" coveredconditionals="0" methods="1" coveredmethods="1"/>
        <line num="4" count="5" type="stmt"/>
        <line num="6" count="5" type="stmt"/>
      </file>
      <file name="TotalCard.jsx" path="C:\Users\Erik-PC\Desktop\DV301_ErikConradie_UnitTesting\budgetbuddy\src\components\items\TotalCard.jsx">
        <metrics statements="2" coveredstatements="2" conditionals="0" coveredconditionals="0" methods="1" coveredmethods="1"/>
        <line num="4" count="4" type="stmt"/>
        <line num="6" count="4" type="stmt"/>
      </file>
    </package>
  </project>
</coverage>
