{"C:\\Users\\Erik-PC\\Desktop\\DV301_ErikConradie_UnitTesting\\budgetbuddy\\src\\App.jsx": {"path":"C:\\Users\\Erik-PC\\Desktop\\DV301_ErikConradie_UnitTesting\\budgetbuddy\\src\\App.jsx","statementMap":{"0":{"start":{"line":25,"column":30},"end":{"line":25,"column":42}},"1":{"start":{"line":26,"column":34},"end":{"line":26,"column":46}},"2":{"start":{"line":27,"column":42},"end":{"line":27,"column":53}},"3":{"start":{"line":29,"column":26},"end":{"line":31,"column":3}},"4":{"start":{"line":30,"column":4},"end":{"line":30,"column":38}},"5":{"start":{"line":33,"column":27},"end":{"line":35,"column":3}},"6":{"start":{"line":34,"column":4},"end":{"line":34,"column":43}},"7":{"start":{"line":37,"column":29},"end":{"line":39,"column":3}},"8":{"start":{"line":38,"column":4},"end":{"line":38,"column":29}},"9":{"start":{"line":41,"column":22},"end":{"line":43,"column":3}},"10":{"start":{"line":42,"column":4},"end":{"line":42,"column":29}},"11":{"start":{"line":45,"column":2},"end":{"line":50,"column":25}},"12":{"start":{"line":46,"column":4},"end":{"line":46,"column":72}},"13":{"start":{"line":47,"column":4},"end":{"line":47,"column":70}},"14":{"start":{"line":48,"column":4},"end":{"line":48,"column":56}},"15":{"start":{"line":49,"column":4},"end":{"line":49,"column":49}},"16":{"start":{"line":52,"column":17},"end":{"line":77,"column":3}},"17":{"start":{"line":79,"column":24},"end":{"line":84,"column":3}},"18":{"start":{"line":86,"column":2},"end":{"line":129,"column":4}},"19":{"start":{"line":119,"column":12},"end":{"line":121,"column":18}}},"fnMap":{"0":{"name":"App","decl":{"start":{"line":24,"column":9},"end":{"line":24,"column":12}},"loc":{"start":{"line":24,"column":15},"end":{"line":130,"column":1}},"line":24},"1":{"name":"(anonymous_1)","decl":{"start":{"line":29,"column":26},"end":{"line":29,"column":27}},"loc":{"start":{"line":29,"column":41},"end":{"line":31,"column":3}},"line":29},"2":{"name":"(anonymous_2)","decl":{"start":{"line":33,"column":27},"end":{"line":33,"column":28}},"loc":{"start":{"line":33,"column":43},"end":{"line":35,"column":3}},"line":33},"3":{"name":"(anonymous_3)","decl":{"start":{"line":37,"column":29},"end":{"line":37,"column":30}},"loc":{"start":{"line":37,"column":42},"end":{"line":39,"column":3}},"line":37},"4":{"name":"(anonymous_4)","decl":{"start":{"line":41,"column":22},"end":{"line":41,"column":23}},"loc":{"start":{"line":41,"column":28},"end":{"line":43,"column":3}},"line":41},"5":{"name":"(anonymous_5)","decl":{"start":{"line":45,"column":12},"end":{"line":45,"column":13}},"loc":{"start":{"line":45,"column":18},"end":{"line":50,"column":3}},"line":45},"6":{"name":"(anonymous_6)","decl":{"start":{"line":118,"column":22},"end":{"line":118,"column":23}},"loc":{"start":{"line":119,"column":12},"end":{"line":121,"column":18}},"line":119}},"branchMap":{},"s":{"0":1,"1":1,"2":1,"3":1,"4":0,"5":1,"6":0,"7":1,"8":1,"9":1,"10":0,"11":1,"12":1,"13":1,"14":1,"15":1,"16":1,"17":1,"18":1,"19":4},"f":{"0":1,"1":0,"2":0,"3":1,"4":0,"5":1,"6":4},"b":{},"_coverageSchema":"1a1c01bbd47fc00a2c39e90264f33305004495a9","hash":"7e9fa9bfa3a3b3a8cbe8f056882401f0b6e20ed4"}
,"C:\\Users\\Erik-PC\\Desktop\\DV301_ErikConradie_UnitTesting\\budgetbuddy\\src\\main.jsx": {"path":"C:\\Users\\Erik-PC\\Desktop\\DV301_ErikConradie_UnitTesting\\budgetbuddy\\src\\main.jsx","statementMap":{"0":{"start":{"line":7,"column":0},"end":{"line":11,"column":1}}},"fnMap":{},"branchMap":{},"s":{"0":0},"f":{},"b":{}}
,"C:\\Users\\Erik-PC\\Desktop\\DV301_ErikConradie_UnitTesting\\budgetbuddy\\src\\utils.js": {"path":"C:\\Users\\Erik-PC\\Desktop\\DV301_ErikConradie_UnitTesting\\budgetbuddy\\src\\utils.js","statementMap":{"0":{"start":{"line":1,"column":25},"end":{"line":1,"column":82}},"1":{"start":{"line":3,"column":31},"end":{"line":3,"column":46}}},"fnMap":{},"branchMap":{},"s":{"0":3,"1":3},"f":{},"b":{},"_coverageSchema":"1a1c01bbd47fc00a2c39e90264f33305004495a9","hash":"57c286a289c668c2da2538fece19b414f92a345b"}
,"C:\\Users\\Erik-PC\\Desktop\\DV301_ErikConradie_UnitTesting\\budgetbuddy\\src\\components\\Expenses.jsx": {"path":"C:\\Users\\Erik-PC\\Desktop\\DV301_ErikConradie_UnitTesting\\budgetbuddy\\src\\components\\Expenses.jsx","statementMap":{"0":{"start":{"line":6,"column":34},"end":{"line":6,"column":64}},"1":{"start":{"line":8,"column":28},"end":{"line":8,"column":40}},"2":{"start":{"line":9,"column":30},"end":{"line":9,"column":42}},"3":{"start":{"line":11,"column":27},"end":{"line":22,"column":3}},"4":{"start":{"line":12,"column":4},"end":{"line":12,"column":27}},"5":{"start":{"line":13,"column":25},"end":{"line":13,"column":39}},"6":{"start":{"line":14,"column":4},"end":{"line":21,"column":5}},"7":{"start":{"line":15,"column":25},"end":{"line":15,"column":56}},"8":{"start":{"line":16,"column":6},"end":{"line":16,"column":45}},"9":{"start":{"line":17,"column":6},"end":{"line":17,"column":35}},"10":{"start":{"line":19,"column":6},"end":{"line":19,"column":19}},"11":{"start":{"line":20,"column":6},"end":{"line":20,"column":20}},"12":{"start":{"line":24,"column":2},"end":{"line":60,"column":4}},"13":{"start":{"line":36,"column":29},"end":{"line":36,"column":53}},"14":{"start":{"line":46,"column":29},"end":{"line":46,"column":54}},"15":{"start":{"line":56,"column":10},"end":{"line":56,"column":51}}},"fnMap":{"0":{"name":"Expenses","decl":{"start":{"line":5,"column":9},"end":{"line":5,"column":17}},"loc":{"start":{"line":5,"column":67},"end":{"line":61,"column":1}},"line":5},"1":{"name":"(anonymous_1)","decl":{"start":{"line":11,"column":27},"end":{"line":11,"column":28}},"loc":{"start":{"line":11,"column":38},"end":{"line":22,"column":3}},"line":11},"2":{"name":"(anonymous_2)","decl":{"start":{"line":36,"column":22},"end":{"line":36,"column":23}},"loc":{"start":{"line":36,"column":29},"end":{"line":36,"column":53}},"line":36},"3":{"name":"(anonymous_3)","decl":{"start":{"line":46,"column":22},"end":{"line":46,"column":23}},"loc":{"start":{"line":46,"column":29},"end":{"line":46,"column":54}},"line":46},"4":{"name":"(anonymous_4)","decl":{"start":{"line":55,"column":22},"end":{"line":55,"column":23}},"loc":{"start":{"line":56,"column":10},"end":{"line":56,"column":51}},"line":56}},"branchMap":{"0":{"loc":{"start":{"line":14,"column":4},"end":{"line":21,"column":5}},"type":"if","locations":[{"start":{"line":14,"column":4},"end":{"line":21,"column":5}},{"start":{},"end":{}}],"line":14},"1":{"loc":{"start":{"line":14,"column":8},"end":{"line":14,"column":29}},"type":"binary-expr","locations":[{"start":{"line":14,"column":8},"end":{"line":14,"column":13}},{"start":{"line":14,"column":17},"end":{"line":14,"column":29}}],"line":14}},"s":{"0":12,"1":12,"2":12,"3":12,"4":1,"5":1,"6":1,"7":1,"8":1,"9":1,"10":1,"11":1,"12":12,"13":4,"14":4,"15":1},"f":{"0":12,"1":1,"2":4,"3":4,"4":1},"b":{"0":[1,0],"1":[1,1]},"_coverageSchema":"1a1c01bbd47fc00a2c39e90264f33305004495a9","hash":"05adaf034f0cf8026762b43f843e1387323b5743"}
,"C:\\Users\\Erik-PC\\Desktop\\DV301_ErikConradie_UnitTesting\\budgetbuddy\\src\\components\\Income.jsx": {"path":"C:\\Users\\Erik-PC\\Desktop\\DV301_ErikConradie_UnitTesting\\budgetbuddy\\src\\components\\Income.jsx","statementMap":{"0":{"start":{"line":11,"column":30},"end":{"line":11,"column":58}},"1":{"start":{"line":12,"column":26},"end":{"line":12,"column":39}},"2":{"start":{"line":13,"column":26},"end":{"line":13,"column":38}},"3":{"start":{"line":14,"column":30},"end":{"line":14,"column":42}},"4":{"start":{"line":16,"column":26},"end":{"line":33,"column":3}},"5":{"start":{"line":17,"column":4},"end":{"line":17,"column":27}},"6":{"start":{"line":19,"column":25},"end":{"line":19,"column":39}},"7":{"start":{"line":20,"column":20},"end":{"line":20,"column":61}},"8":{"start":{"line":21,"column":22},"end":{"line":21,"column":71}},"9":{"start":{"line":23,"column":4},"end":{"line":32,"column":5}},"10":{"start":{"line":24,"column":24},"end":{"line":24,"column":80}},"11":{"start":{"line":25,"column":6},"end":{"line":25,"column":40}},"12":{"start":{"line":26,"column":6},"end":{"line":26,"column":33}},"13":{"start":{"line":29,"column":6},"end":{"line":29,"column":19}},"14":{"start":{"line":30,"column":6},"end":{"line":30,"column":18}},"15":{"start":{"line":31,"column":6},"end":{"line":31,"column":20}},"16":{"start":{"line":35,"column":2},"end":{"line":76,"column":4}},"17":{"start":{"line":40,"column":83},"end":{"line":40,"column":106}},"18":{"start":{"line":43,"column":14},"end":{"line":43,"column":62}},"19":{"start":{"line":52,"column":29},"end":{"line":52,"column":52}},"20":{"start":{"line":62,"column":29},"end":{"line":62,"column":54}},"21":{"start":{"line":72,"column":10},"end":{"line":72,"column":73}}},"fnMap":{"0":{"name":"Income","decl":{"start":{"line":10,"column":9},"end":{"line":10,"column":15}},"loc":{"start":{"line":10,"column":60},"end":{"line":77,"column":1}},"line":10},"1":{"name":"(anonymous_1)","decl":{"start":{"line":16,"column":26},"end":{"line":16,"column":27}},"loc":{"start":{"line":16,"column":37},"end":{"line":33,"column":3}},"line":16},"2":{"name":"(anonymous_2)","decl":{"start":{"line":40,"column":76},"end":{"line":40,"column":77}},"loc":{"start":{"line":40,"column":83},"end":{"line":40,"column":106}},"line":40},"3":{"name":"(anonymous_3)","decl":{"start":{"line":42,"column":29},"end":{"line":42,"column":30}},"loc":{"start":{"line":43,"column":14},"end":{"line":43,"column":62}},"line":43},"4":{"name":"(anonymous_4)","decl":{"start":{"line":52,"column":22},"end":{"line":52,"column":23}},"loc":{"start":{"line":52,"column":29},"end":{"line":52,"column":52}},"line":52},"5":{"name":"(anonymous_5)","decl":{"start":{"line":62,"column":22},"end":{"line":62,"column":23}},"loc":{"start":{"line":62,"column":29},"end":{"line":62,"column":54}},"line":62},"6":{"name":"(anonymous_6)","decl":{"start":{"line":71,"column":20},"end":{"line":71,"column":21}},"loc":{"start":{"line":72,"column":10},"end":{"line":72,"column":73}},"line":72}},"branchMap":{"0":{"loc":{"start":{"line":23,"column":4},"end":{"line":32,"column":5}},"type":"if","locations":[{"start":{"line":23,"column":4},"end":{"line":32,"column":5}},{"start":{},"end":{}}],"line":23},"1":{"loc":{"start":{"line":23,"column":8},"end":{"line":23,"column":28}},"type":"binary-expr","locations":[{"start":{"line":23,"column":8},"end":{"line":23,"column":12}},{"start":{"line":23,"column":16},"end":{"line":23,"column":28}}],"line":23}},"s":{"0":13,"1":13,"2":13,"3":13,"4":13,"5":1,"6":1,"7":1,"8":1,"9":1,"10":1,"11":1,"12":1,"13":1,"14":1,"15":1,"16":13,"17":1,"18":117,"19":4,"20":4,"21":1},"f":{"0":13,"1":1,"2":1,"3":117,"4":4,"5":4,"6":1},"b":{"0":[1,0],"1":[1,1]},"_coverageSchema":"1a1c01bbd47fc00a2c39e90264f33305004495a9","hash":"76268e7e12bd9029623b95297be11fd2068a2e39"}
,"C:\\Users\\Erik-PC\\Desktop\\DV301_ErikConradie_UnitTesting\\budgetbuddy\\src\\components\\Savings.jsx": {"path":"C:\\Users\\Erik-PC\\Desktop\\DV301_ErikConradie_UnitTesting\\budgetbuddy\\src\\components\\Savings.jsx","statementMap":{"0":{"start":{"line":10,"column":54},"end":{"line":10,"column":68}},"1":{"start":{"line":12,"column":33},"end":{"line":14,"column":3}},"2":{"start":{"line":13,"column":4},"end":{"line":13,"column":54}},"3":{"start":{"line":16,"column":40},"end":{"line":16,"column":84}},"4":{"start":{"line":18,"column":2},"end":{"line":22,"column":37}},"5":{"start":{"line":19,"column":4},"end":{"line":21,"column":5}},"6":{"start":{"line":20,"column":6},"end":{"line":20,"column":35}},"7":{"start":{"line":24,"column":2},"end":{"line":56,"column":4}},"8":{"start":{"line":40,"column":14},"end":{"line":42,"column":23}},"9":{"start":{"line":52,"column":12},"end":{"line":52,"column":55}}},"fnMap":{"0":{"name":"Savings","decl":{"start":{"line":9,"column":9},"end":{"line":9,"column":16}},"loc":{"start":{"line":9,"column":45},"end":{"line":57,"column":1}},"line":9},"1":{"name":"(anonymous_1)","decl":{"start":{"line":12,"column":33},"end":{"line":12,"column":34}},"loc":{"start":{"line":12,"column":44},"end":{"line":14,"column":3}},"line":12},"2":{"name":"(anonymous_2)","decl":{"start":{"line":18,"column":12},"end":{"line":18,"column":13}},"loc":{"start":{"line":18,"column":18},"end":{"line":22,"column":3}},"line":18},"3":{"name":"(anonymous_3)","decl":{"start":{"line":39,"column":35},"end":{"line":39,"column":36}},"loc":{"start":{"line":40,"column":14},"end":{"line":42,"column":23}},"line":40},"4":{"name":"(anonymous_4)","decl":{"start":{"line":51,"column":26},"end":{"line":51,"column":27}},"loc":{"start":{"line":52,"column":12},"end":{"line":52,"column":55}},"line":52}},"branchMap":{"0":{"loc":{"start":{"line":19,"column":4},"end":{"line":21,"column":5}},"type":"if","locations":[{"start":{"line":19,"column":4},"end":{"line":21,"column":5}},{"start":{},"end":{}}],"line":19},"1":{"loc":{"start":{"line":50,"column":9},"end":{"line":53,"column":12}},"type":"binary-expr","locations":[{"start":{"line":50,"column":9},"end":{"line":50,"column":20}},{"start":{"line":51,"column":10},"end":{"line":53,"column":12}}],"line":50}},"s":{"0":1,"1":1,"2":0,"3":1,"4":1,"5":1,"6":1,"7":1,"8":4,"9":0},"f":{"0":1,"1":0,"2":1,"3":4,"4":0},"b":{"0":[1,0],"1":[1,1]},"_coverageSchema":"1a1c01bbd47fc00a2c39e90264f33305004495a9","hash":"49ea6be61f101e33e541604fd7e4c3d26dcd3202"}
,"C:\\Users\\Erik-PC\\Desktop\\DV301_ErikConradie_UnitTesting\\budgetbuddy\\src\\components\\Taxes.jsx": {"path":"C:\\Users\\Erik-PC\\Desktop\\DV301_ErikConradie_UnitTesting\\budgetbuddy\\src\\components\\Taxes.jsx","statementMap":{"0":{"start":{"line":5,"column":2},"end":{"line":15,"column":4}},"1":{"start":{"line":12,"column":38},"end":{"line":12,"column":73}}},"fnMap":{"0":{"name":"Taxes","decl":{"start":{"line":4,"column":9},"end":{"line":4,"column":14}},"loc":{"start":{"line":4,"column":27},"end":{"line":16,"column":1}},"line":4},"1":{"name":"(anonymous_1)","decl":{"start":{"line":12,"column":21},"end":{"line":12,"column":22}},"loc":{"start":{"line":12,"column":38},"end":{"line":12,"column":73}},"line":12}},"branchMap":{"0":{"loc":{"start":{"line":11,"column":9},"end":{"line":12,"column":74}},"type":"binary-expr","locations":[{"start":{"line":11,"column":9},"end":{"line":11,"column":15}},{"start":{"line":12,"column":10},"end":{"line":12,"column":74}}],"line":11}},"s":{"0":2,"1":2},"f":{"0":2,"1":2},"b":{"0":[2,2]},"_coverageSchema":"1a1c01bbd47fc00a2c39e90264f33305004495a9","hash":"c34f8ff105b197bde47bc2566fb35789a9522181"}
,"C:\\Users\\Erik-PC\\Desktop\\DV301_ErikConradie_UnitTesting\\budgetbuddy\\src\\components\\functions\\AddingIncomeExpense.js": {"path":"C:\\Users\\Erik-PC\\Desktop\\DV301_ErikConradie_UnitTesting\\budgetbuddy\\src\\components\\functions\\AddingIncomeExpense.js","statementMap":{"0":{"start":{"line":1,"column":31},"end":{"line":3,"column":1}},"1":{"start":{"line":2,"column":2},"end":{"line":2,"column":32}},"2":{"start":{"line":5,"column":32},"end":{"line":7,"column":1}},"3":{"start":{"line":6,"column":2},"end":{"line":6,"column":35}}},"fnMap":{"0":{"name":"(anonymous_0)","decl":{"start":{"line":1,"column":31},"end":{"line":1,"column":32}},"loc":{"start":{"line":1,"column":54},"end":{"line":3,"column":1}},"line":1},"1":{"name":"(anonymous_1)","decl":{"start":{"line":5,"column":32},"end":{"line":5,"column":33}},"loc":{"start":{"line":5,"column":58},"end":{"line":7,"column":1}},"line":5}},"branchMap":{},"s":{"0":3,"1":2,"2":3,"3":2},"f":{"0":2,"1":2},"b":{},"_coverageSchema":"1a1c01bbd47fc00a2c39e90264f33305004495a9","hash":"910cfce2f50948232971522d95bfea79d0d87735"}
,"C:\\Users\\Erik-PC\\Desktop\\DV301_ErikConradie_UnitTesting\\budgetbuddy\\src\\components\\functions\\SavingsCalculation.js": {"path":"C:\\Users\\Erik-PC\\Desktop\\DV301_ErikConradie_UnitTesting\\budgetbuddy\\src\\components\\functions\\SavingsCalculation.js","statementMap":{"0":{"start":{"line":2,"column":22},"end":{"line":5,"column":5}},"1":{"start":{"line":2,"column":44},"end":{"line":5,"column":3}},"2":{"start":{"line":7,"column":23},"end":{"line":7,"column":77}},"3":{"start":{"line":7,"column":57},"end":{"line":7,"column":73}},"4":{"start":{"line":9,"column":2},"end":{"line":9,"column":39}}},"fnMap":{"0":{"name":"calculateSavings","decl":{"start":{"line":1,"column":16},"end":{"line":1,"column":32}},"loc":{"start":{"line":1,"column":61},"end":{"line":10,"column":1}},"line":1},"1":{"name":"(anonymous_1)","decl":{"start":{"line":2,"column":33},"end":{"line":2,"column":34}},"loc":{"start":{"line":2,"column":44},"end":{"line":5,"column":3}},"line":2},"2":{"name":"(anonymous_2)","decl":{"start":{"line":7,"column":42},"end":{"line":7,"column":43}},"loc":{"start":{"line":7,"column":57},"end":{"line":7,"column":73}},"line":7}},"branchMap":{},"s":{"0":4,"1":6,"2":4,"3":6,"4":4},"f":{"0":4,"1":6,"2":6},"b":{},"_coverageSchema":"1a1c01bbd47fc00a2c39e90264f33305004495a9","hash":"6eef8ab59853ac7d620cad87755fb13269ed0188"}
,"C:\\Users\\Erik-PC\\Desktop\\DV301_ErikConradie_UnitTesting\\budgetbuddy\\src\\components\\functions\\TaxCalculations.js": {"path":"C:\\Users\\Erik-PC\\Desktop\\DV301_ErikConradie_UnitTesting\\budgetbuddy\\src\\components\\functions\\TaxCalculations.js","statementMap":{"0":{"start":{"line":1,"column":35},"end":{"line":15,"column":1}},"1":{"start":{"line":2,"column":2},"end":{"line":14,"column":3}},"2":{"start":{"line":3,"column":4},"end":{"line":3,"column":13}},"3":{"start":{"line":4,"column":9},"end":{"line":14,"column":3}},"4":{"start":{"line":5,"column":4},"end":{"line":5,"column":14}},"5":{"start":{"line":6,"column":9},"end":{"line":14,"column":3}},"6":{"start":{"line":7,"column":4},"end":{"line":7,"column":14}},"7":{"start":{"line":8,"column":9},"end":{"line":14,"column":3}},"8":{"start":{"line":9,"column":4},"end":{"line":9,"column":14}},"9":{"start":{"line":10,"column":9},"end":{"line":14,"column":3}},"10":{"start":{"line":11,"column":4},"end":{"line":11,"column":14}},"11":{"start":{"line":13,"column":4},"end":{"line":13,"column":14}},"12":{"start":{"line":17,"column":34},"end":{"line":19,"column":1}},"13":{"start":{"line":18,"column":2},"end":{"line":18,"column":34}}},"fnMap":{"0":{"name":"(anonymous_0)","decl":{"start":{"line":1,"column":35},"end":{"line":1,"column":36}},"loc":{"start":{"line":1,"column":47},"end":{"line":15,"column":1}},"line":1},"1":{"name":"(anonymous_1)","decl":{"start":{"line":17,"column":34},"end":{"line":17,"column":35}},"loc":{"start":{"line":17,"column":55},"end":{"line":19,"column":1}},"line":17}},"branchMap":{"0":{"loc":{"start":{"line":2,"column":2},"end":{"line":14,"column":3}},"type":"if","locations":[{"start":{"line":2,"column":2},"end":{"line":14,"column":3}},{"start":{"line":4,"column":9},"end":{"line":14,"column":3}}],"line":2},"1":{"loc":{"start":{"line":4,"column":9},"end":{"line":14,"column":3}},"type":"if","locations":[{"start":{"line":4,"column":9},"end":{"line":14,"column":3}},{"start":{"line":6,"column":9},"end":{"line":14,"column":3}}],"line":4},"2":{"loc":{"start":{"line":6,"column":9},"end":{"line":14,"column":3}},"type":"if","locations":[{"start":{"line":6,"column":9},"end":{"line":14,"column":3}},{"start":{"line":8,"column":9},"end":{"line":14,"column":3}}],"line":6},"3":{"loc":{"start":{"line":8,"column":9},"end":{"line":14,"column":3}},"type":"if","locations":[{"start":{"line":8,"column":9},"end":{"line":14,"column":3}},{"start":{"line":10,"column":9},"end":{"line":14,"column":3}}],"line":8},"4":{"loc":{"start":{"line":10,"column":9},"end":{"line":14,"column":3}},"type":"if","locations":[{"start":{"line":10,"column":9},"end":{"line":14,"column":3}},{"start":{"line":12,"column":9},"end":{"line":14,"column":3}}],"line":10}},"s":{"0":3,"1":7,"2":2,"3":5,"4":1,"5":4,"6":1,"7":3,"8":1,"9":2,"10":1,"11":1,"12":3,"13":7},"f":{"0":7,"1":7},"b":{"0":[2,5],"1":[1,4],"2":[1,3],"3":[1,2],"4":[1,1]},"_coverageSchema":"1a1c01bbd47fc00a2c39e90264f33305004495a9","hash":"145f74c5890dd83f1b83eea96f44e8bdba4008b0"}
,"C:\\Users\\Erik-PC\\Desktop\\DV301_ErikConradie_UnitTesting\\budgetbuddy\\src\\components\\functions\\TotalCalculations.js": {"path":"C:\\Users\\Erik-PC\\Desktop\\DV301_ErikConradie_UnitTesting\\budgetbuddy\\src\\components\\functions\\TotalCalculations.js","statementMap":{"0":{"start":{"line":1,"column":39},"end":{"line":3,"column":1}},"1":{"start":{"line":2,"column":2},"end":{"line":2,"column":60}},"2":{"start":{"line":2,"column":38},"end":{"line":2,"column":55}},"3":{"start":{"line":5,"column":38},"end":{"line":7,"column":1}},"4":{"start":{"line":6,"column":2},"end":{"line":6,"column":79}},"5":{"start":{"line":6,"column":38},"end":{"line":6,"column":74}},"6":{"start":{"line":9,"column":32},"end":{"line":11,"column":1}},"7":{"start":{"line":10,"column":2},"end":{"line":10,"column":62}},"8":{"start":{"line":10,"column":40},"end":{"line":10,"column":57}},"9":{"start":{"line":13,"column":36},"end":{"line":18,"column":1}},"10":{"start":{"line":14,"column":30},"end":{"line":14,"column":60}},"11":{"start":{"line":15,"column":19},"end":{"line":15,"column":45}},"12":{"start":{"line":16,"column":22},"end":{"line":16,"column":67}},"13":{"start":{"line":17,"column":2},"end":{"line":17,"column":21}}},"fnMap":{"0":{"name":"(anonymous_0)","decl":{"start":{"line":1,"column":39},"end":{"line":1,"column":40}},"loc":{"start":{"line":1,"column":56},"end":{"line":3,"column":1}},"line":1},"1":{"name":"(anonymous_1)","decl":{"start":{"line":2,"column":23},"end":{"line":2,"column":24}},"loc":{"start":{"line":2,"column":38},"end":{"line":2,"column":55}},"line":2},"2":{"name":"(anonymous_2)","decl":{"start":{"line":5,"column":38},"end":{"line":5,"column":39}},"loc":{"start":{"line":5,"column":55},"end":{"line":7,"column":1}},"line":5},"3":{"name":"(anonymous_3)","decl":{"start":{"line":6,"column":23},"end":{"line":6,"column":24}},"loc":{"start":{"line":6,"column":38},"end":{"line":6,"column":74}},"line":6},"4":{"name":"(anonymous_4)","decl":{"start":{"line":9,"column":32},"end":{"line":9,"column":33}},"loc":{"start":{"line":9,"column":51},"end":{"line":11,"column":1}},"line":9},"5":{"name":"(anonymous_5)","decl":{"start":{"line":10,"column":25},"end":{"line":10,"column":26}},"loc":{"start":{"line":10,"column":40},"end":{"line":10,"column":57}},"line":10},"6":{"name":"(anonymous_6)","decl":{"start":{"line":13,"column":36},"end":{"line":13,"column":37}},"loc":{"start":{"line":13,"column":72},"end":{"line":18,"column":1}},"line":13}},"branchMap":{"0":{"loc":{"start":{"line":1,"column":40},"end":{"line":1,"column":51}},"type":"default-arg","locations":[{"start":{"line":1,"column":49},"end":{"line":1,"column":51}}],"line":1},"1":{"loc":{"start":{"line":5,"column":39},"end":{"line":5,"column":50}},"type":"default-arg","locations":[{"start":{"line":5,"column":48},"end":{"line":5,"column":50}}],"line":5},"2":{"loc":{"start":{"line":9,"column":33},"end":{"line":9,"column":46}},"type":"default-arg","locations":[{"start":{"line":9,"column":44},"end":{"line":9,"column":46}}],"line":9}},"s":{"0":2,"1":4,"2":3,"3":2,"4":7,"5":7,"6":2,"7":7,"8":5,"9":2,"10":3,"11":3,"12":3,"13":3},"f":{"0":4,"1":3,"2":7,"3":7,"4":7,"5":5,"6":3},"b":{"0":[1],"1":[1],"2":[1]},"_coverageSchema":"1a1c01bbd47fc00a2c39e90264f33305004495a9","hash":"5c57649c3a4ea3aaa3be4d57b78be46f07ce3c26"}
,"C:\\Users\\Erik-PC\\Desktop\\DV301_ErikConradie_UnitTesting\\budgetbuddy\\src\\components\\items\\ExpenseRow.jsx": {"path":"C:\\Users\\Erik-PC\\Desktop\\DV301_ErikConradie_UnitTesting\\budgetbuddy\\src\\components\\items\\ExpenseRow.jsx","statementMap":{"0":{"start":{"line":5,"column":20},"end":{"line":5,"column":25}},"1":{"start":{"line":7,"column":2},"end":{"line":12,"column":3}}},"fnMap":{"0":{"name":"ExpenseRow","decl":{"start":{"line":3,"column":9},"end":{"line":3,"column":19}},"loc":{"start":{"line":3,"column":27},"end":{"line":13,"column":1}},"line":3}},"branchMap":{},"s":{"0":3,"1":3},"f":{"0":3},"b":{},"_coverageSchema":"1a1c01bbd47fc00a2c39e90264f33305004495a9","hash":"98022f9fc75f5217401c3a9d78428f7ccf291f73"}
,"C:\\Users\\Erik-PC\\Desktop\\DV301_ErikConradie_UnitTesting\\budgetbuddy\\src\\components\\items\\LastTotalCard.jsx": {"path":"C:\\Users\\Erik-PC\\Desktop\\DV301_ErikConradie_UnitTesting\\budgetbuddy\\src\\components\\items\\LastTotalCard.jsx","statementMap":{"0":{"start":{"line":4,"column":18},"end":{"line":4,"column":23}},"1":{"start":{"line":6,"column":2},"end":{"line":14,"column":3}}},"fnMap":{"0":{"name":"LastTotalCard","decl":{"start":{"line":3,"column":9},"end":{"line":3,"column":22}},"loc":{"start":{"line":3,"column":30},"end":{"line":15,"column":1}},"line":3}},"branchMap":{},"s":{"0":1,"1":1},"f":{"0":1},"b":{},"_coverageSchema":"1a1c01bbd47fc00a2c39e90264f33305004495a9","hash":"8cb9bc7450280545e4730b6f6e5802d5e29e46a2"}
,"C:\\Users\\Erik-PC\\Desktop\\DV301_ErikConradie_UnitTesting\\budgetbuddy\\src\\components\\items\\PersonIncomeRow.jsx": {"path":"C:\\Users\\Erik-PC\\Desktop\\DV301_ErikConradie_UnitTesting\\budgetbuddy\\src\\components\\items\\PersonIncomeRow.jsx","statementMap":{"0":{"start":{"line":5,"column":26},"end":{"line":5,"column":31}},"1":{"start":{"line":7,"column":2},"end":{"line":17,"column":3}}},"fnMap":{"0":{"name":"PersonIncomeRow","decl":{"start":{"line":3,"column":9},"end":{"line":3,"column":24}},"loc":{"start":{"line":3,"column":32},"end":{"line":18,"column":1}},"line":3}},"branchMap":{},"s":{"0":3,"1":3},"f":{"0":3},"b":{},"_coverageSchema":"1a1c01bbd47fc00a2c39e90264f33305004495a9","hash":"65825c95edc6cd2cba4cfd07992a9b0e28671fff"}
,"C:\\Users\\Erik-PC\\Desktop\\DV301_ErikConradie_UnitTesting\\budgetbuddy\\src\\components\\items\\SavingsBlock.jsx": {"path":"C:\\Users\\Erik-PC\\Desktop\\DV301_ErikConradie_UnitTesting\\budgetbuddy\\src\\components\\items\\SavingsBlock.jsx","statementMap":{"0":{"start":{"line":4,"column":22},"end":{"line":4,"column":27}},"1":{"start":{"line":5,"column":2},"end":{"line":19,"column":3}}},"fnMap":{"0":{"name":"SavingsBlock","decl":{"start":{"line":3,"column":9},"end":{"line":3,"column":21}},"loc":{"start":{"line":3,"column":29},"end":{"line":20,"column":1}},"line":3}},"branchMap":{},"s":{"0":3,"1":3},"f":{"0":3},"b":{},"_coverageSchema":"1a1c01bbd47fc00a2c39e90264f33305004495a9","hash":"57ef5707a7fc05639c48151caa6a2c82863a033c"}
,"C:\\Users\\Erik-PC\\Desktop\\DV301_ErikConradie_UnitTesting\\budgetbuddy\\src\\components\\items\\TaxBlock.jsx": {"path":"C:\\Users\\Erik-PC\\Desktop\\DV301_ErikConradie_UnitTesting\\budgetbuddy\\src\\components\\items\\TaxBlock.jsx","statementMap":{"0":{"start":{"line":4,"column":18},"end":{"line":4,"column":23}},"1":{"start":{"line":6,"column":2},"end":{"line":21,"column":3}}},"fnMap":{"0":{"name":"TaxBlock","decl":{"start":{"line":3,"column":9},"end":{"line":3,"column":17}},"loc":{"start":{"line":3,"column":25},"end":{"line":22,"column":1}},"line":3}},"branchMap":{},"s":{"0":5,"1":5},"f":{"0":5},"b":{},"_coverageSchema":"1a1c01bbd47fc00a2c39e90264f33305004495a9","hash":"75c7026a51e9b7d8b3339b45493fc3221085f13c"}
,"C:\\Users\\Erik-PC\\Desktop\\DV301_ErikConradie_UnitTesting\\budgetbuddy\\src\\components\\items\\TotalCard.jsx": {"path":"C:\\Users\\Erik-PC\\Desktop\\DV301_ErikConradie_UnitTesting\\budgetbuddy\\src\\components\\items\\TotalCard.jsx","statementMap":{"0":{"start":{"line":4,"column":18},"end":{"line":4,"column":23}},"1":{"start":{"line":6,"column":2},"end":{"line":17,"column":3}}},"fnMap":{"0":{"name":"TotalCard","decl":{"start":{"line":3,"column":9},"end":{"line":3,"column":18}},"loc":{"start":{"line":3,"column":26},"end":{"line":18,"column":1}},"line":3}},"branchMap":{},"s":{"0":4,"1":4},"f":{"0":4},"b":{},"_coverageSchema":"1a1c01bbd47fc00a2c39e90264f33305004495a9","hash":"e0073e5bc60212fe73b5cd30a9014518944d94a3"}
}
