TN:
SF:src\App.jsx
FN:24,App
FN:29,(anonymous_1)
FN:33,(anonymous_2)
FN:37,(anonymous_3)
FN:41,(anonymous_4)
FN:45,(anonymous_5)
FN:118,(anonymous_6)
FNF:7
FNH:4
FNDA:1,App
FNDA:0,(anonymous_1)
FNDA:0,(anonymous_2)
FNDA:1,(anonymous_3)
FNDA:0,(anonymous_4)
FNDA:1,(anonymous_5)
FNDA:4,(anonymous_6)
DA:25,1
DA:26,1
DA:27,1
DA:29,1
DA:30,0
DA:33,1
DA:34,0
DA:37,1
DA:38,1
DA:41,1
DA:42,0
DA:45,1
DA:46,1
DA:47,1
DA:48,1
DA:49,1
DA:52,1
DA:79,1
DA:86,1
DA:119,4
LF:20
LH:17
BRF:0
BRH:0
end_of_record
TN:
SF:src\main.jsx
FNF:0
FNH:0
DA:7,0
LF:1
LH:0
BRF:0
BRH:0
end_of_record
TN:
SF:src\utils.js
FNF:0
FNH:0
DA:1,3
DA:3,3
LF:2
LH:2
BRF:0
BRH:0
end_of_record
TN:
SF:src\components\Expenses.jsx
FN:5,Expenses
FN:10,(anonymous_1)
FN:34,(anonymous_2)
FN:44,(anonymous_3)
FN:53,(anonymous_4)
FNF:5
FNH:5
FNDA:12,Expenses
FNDA:1,(anonymous_1)
FNDA:4,(anonymous_2)
FNDA:4,(anonymous_3)
FNDA:1,(anonymous_4)
DA:6,12
DA:7,12
DA:8,12
DA:10,12
DA:11,1
DA:12,1
DA:13,1
DA:14,1
DA:15,1
DA:16,1
DA:17,1
DA:18,1
DA:22,12
DA:34,4
DA:44,4
DA:54,1
LF:16
LH:16
BRDA:13,0,0,1
BRDA:13,0,1,0
BRDA:13,1,0,1
BRDA:13,1,1,1
BRF:4
BRH:3
end_of_record
TN:
SF:src\components\Income.jsx
FN:10,Income
FN:16,(anonymous_1)
FN:39,(anonymous_2)
FN:41,(anonymous_3)
FN:51,(anonymous_4)
FN:61,(anonymous_5)
FN:70,(anonymous_6)
FNF:7
FNH:7
FNDA:13,Income
FNDA:1,(anonymous_1)
FNDA:1,(anonymous_2)
FNDA:117,(anonymous_3)
FNDA:4,(anonymous_4)
FNDA:4,(anonymous_5)
FNDA:1,(anonymous_6)
DA:11,13
DA:12,13
DA:13,13
DA:14,13
DA:16,13
DA:17,1
DA:19,1
DA:20,1
DA:21,1
DA:23,1
DA:24,1
DA:25,1
DA:26,1
DA:28,1
DA:29,1
DA:30,1
DA:34,13
DA:39,1
DA:42,117
DA:51,4
DA:61,4
DA:71,1
LF:22
LH:22
BRDA:23,0,0,1
BRDA:23,0,1,0
BRDA:23,1,0,1
BRDA:23,1,1,1
BRF:4
BRH:3
end_of_record
TN:
SF:src\components\Savings.jsx
FN:9,Savings
FN:12,(anonymous_1)
FN:18,(anonymous_2)
FN:39,(anonymous_3)
FN:51,(anonymous_4)
FNF:5
FNH:3
FNDA:1,Savings
FNDA:0,(anonymous_1)
FNDA:1,(anonymous_2)
FNDA:4,(anonymous_3)
FNDA:0,(anonymous_4)
DA:10,1
DA:12,1
DA:13,0
DA:16,1
DA:18,1
DA:19,1
DA:20,1
DA:24,1
DA:40,4
DA:52,0
LF:10
LH:8
BRDA:19,0,0,1
BRDA:19,0,1,0
BRDA:50,1,0,1
BRDA:50,1,1,1
BRF:4
BRH:3
end_of_record
TN:
SF:src\components\Taxes.jsx
FN:4,Taxes
FN:12,(anonymous_1)
FNF:2
FNH:1
FNDA:1,Taxes
FNDA:0,(anonymous_1)
DA:5,1
DA:12,0
LF:2
LH:1
BRDA:11,0,0,1
BRDA:11,0,1,1
BRF:2
BRH:2
end_of_record
TN:
SF:src\components\functions\AddingIncomeExpense.js
FN:1,(anonymous_0)
FN:5,(anonymous_1)
FNF:2
FNH:2
FNDA:2,(anonymous_0)
FNDA:2,(anonymous_1)
DA:1,3
DA:2,2
DA:5,3
DA:6,2
LF:4
LH:4
BRF:0
BRH:0
end_of_record
TN:
SF:src\components\functions\SavingsCalculation.js
FN:1,calculateSavings
FN:2,(anonymous_1)
FN:7,(anonymous_2)
FNF:3
FNH:3
FNDA:4,calculateSavings
FNDA:6,(anonymous_1)
FNDA:6,(anonymous_2)
DA:2,6
DA:7,6
DA:9,4
LF:3
LH:3
BRF:0
BRH:0
end_of_record
TN:
SF:src\components\functions\TaxCalculations.js
FN:1,(anonymous_0)
FN:17,(anonymous_1)
FNF:2
FNH:2
FNDA:7,(anonymous_0)
FNDA:7,(anonymous_1)
DA:1,3
DA:2,7
DA:3,2
DA:4,5
DA:5,1
DA:6,4
DA:7,1
DA:8,3
DA:9,1
DA:10,2
DA:11,1
DA:13,1
DA:17,3
DA:18,7
LF:14
LH:14
BRDA:2,0,0,2
BRDA:2,0,1,5
BRDA:4,1,0,1
BRDA:4,1,1,4
BRDA:6,2,0,1
BRDA:6,2,1,3
BRDA:8,3,0,1
BRDA:8,3,1,2
BRDA:10,4,0,1
BRDA:10,4,1,1
BRF:10
BRH:10
end_of_record
TN:
SF:src\components\functions\TotalCalculations.js
FN:1,(anonymous_0)
FN:2,(anonymous_1)
FN:5,(anonymous_2)
FN:6,(anonymous_3)
FN:9,(anonymous_4)
FN:10,(anonymous_5)
FN:13,(anonymous_6)
FNF:7
FNH:7
FNDA:4,(anonymous_0)
FNDA:3,(anonymous_1)
FNDA:7,(anonymous_2)
FNDA:7,(anonymous_3)
FNDA:7,(anonymous_4)
FNDA:5,(anonymous_5)
FNDA:3,(anonymous_6)
DA:1,2
DA:2,4
DA:5,2
DA:6,7
DA:9,2
DA:10,7
DA:13,2
DA:14,3
DA:15,3
DA:16,3
DA:17,3
LF:11
LH:11
BRDA:1,0,0,1
BRDA:5,1,0,1
BRDA:9,2,0,1
BRF:3
BRH:3
end_of_record
TN:
SF:src\components\items\ExpenseRow.jsx
FN:3,ExpenseRow
FNF:1
FNH:1
FNDA:3,ExpenseRow
DA:5,3
DA:7,3
LF:2
LH:2
BRF:0
BRH:0
end_of_record
TN:
SF:src\components\items\LastTotalCard.jsx
FN:3,LastTotalCard
FNF:1
FNH:1
FNDA:1,LastTotalCard
DA:4,1
DA:6,1
LF:2
LH:2
BRF:0
BRH:0
end_of_record
TN:
SF:src\components\items\PersonIncomeRow.jsx
FN:3,PersonIncomeRow
FNF:1
FNH:1
FNDA:3,PersonIncomeRow
DA:5,3
DA:7,3
LF:2
LH:2
BRF:0
BRH:0
end_of_record
TN:
SF:src\components\items\SavingsBlock.jsx
FN:3,SavingsBlock
FNF:1
FNH:1
FNDA:3,SavingsBlock
DA:4,3
DA:5,3
LF:2
LH:2
BRF:0
BRH:0
end_of_record
TN:
SF:src\components\items\TaxBlock.jsx
FN:3,TaxBlock
FNF:1
FNH:1
FNDA:3,TaxBlock
DA:4,3
DA:6,3
LF:2
LH:2
BRF:0
BRH:0
end_of_record
TN:
SF:src\components\items\TotalCard.jsx
FN:3,TotalCard
FNF:1
FNH:1
FNDA:4,TotalCard
DA:4,4
DA:6,4
LF:2
LH:2
BRF:0
BRH:0
end_of_record
